To refactor the code in line with the instructions, we need to create a **utility function** called `customer_total`, which will process a **single order** and return the **amount** associated with that order, assuming that the order belongs to the currently targeted customer (determined externally in the loop). This approach ensures **modular code**—the logic for summing up the amount per customer is encapsulated within a reusable function.

Here is a clean and well-structured implementation based on that assumption:

---

### ✅ **Refactored Code Structure**

```python
def customer_total(order):
    """Returns the amount associated with an order, assuming the order belongs to the current customer."""
    return order.get('amount', 0)  # Safely return amount or 0 if key is missing


# Sample data
orders = [
    {'customer': 'alice', 'amount': 5.0},
    {'customer': 'bob', 'amount': 10.0},
    {'customer': 'alice', 'amount': 3.5},
    {'customer': 'bob', 'amount': 11.5},
    {'customer': 'carol', 'amount': 3.0},
]

# Initialize total amounts per customer
total_alice = 0
total_bob = 0
total_carol = 0

# Process each order
for order in orders:
    if order['customer'] == 'alice':
        total_alice += customer_total(order)
    elif order['customer'] == 'bob':
        total_bob += customer_total(order)
    elif order['customer'] == 'carol':
        total_carol += customer_total(order)

# Calculate grand total
grand_total = total_alice + total_bob + total_carol

# Output results
print(f"alice paid {total_alice}")
print(f"bob paid {total_bob}")
print(f"carol paid {total_carol}")
print(f"grand total {grand_total}")
```

---

### 🧠 **Explanation**

- **`customer_total(order)`** is a self-contained utility function that takes **one `order`** and returns the **amount** if it's an order from the customer being processed.
- The **main logic** of checking which customer the order belongs to is handled **externally**, ensuring that the function only deals with **one `order` dictionary**.
- This design makes the function **reusable** and allows for **easier unit testing** or reuse in different contexts.
- The **grand total** is now calculated from the three individual totals, ensuring the output matches the expected result:

```
alice paid 8.5
bob paid 21.5
carol paid 3.0
grand total 33.0
```

---

### ✅ **Summary**

- The **function `customer_total(order)`** is properly defined to take **one order** and return the **amount**.
- **External logic** handles the mapping of orders to customers.
- The implementation is **modular**, **reusable**, and **easy to test**.
- The **grand total** is computed correctly as the sum of all individual totals.

This approach is in line with the user’s instruction while maintaining best practices in code organization.
