To evaluate the strength of a password, the following criteria are applied:

---

### ✅ **Password Strength Criteria**

1. **Weak Password (Score 0)**  
   - If the password is in the predefined **blocklist**  
   - If the password's **length is less than 8 characters**

2. **Medium Strength Password (Score 1)**  
   - **Length between 8 and 11 characters**, and  
   - **Character class count (digits, letters, symbols) is less than 3**

3. **Strong Password (Score 2)**  
   - **Length ≥ 12 characters**, and  
   - **Character class count < 3**

4. **Good Password (Score 3)**  
   - **Length ≥ 12 characters**,  
   - **Character class count ≥ 3**, and  
   - **Does **not** contain 3 or more **consecutive identical characters**** (repetition), OR  
   - **Consists of a sequence of 4 consecutive digits or letters**

5. **Very Strong Password (Score 4)**  
   - **Length ≥ 16 characters**,  
   - **Character class count ≥ 4**,  
   - **Does not contain repetition**,  
   - **Does not contain a sequence**

---

### 🔍 Detection Details

- **Character classes** are defined as:
  - lowercase (`a-z`)
  - uppercase (`A-Z`)
  - digits (`0-9`)
  - symbols (`!@#$%^&*()` etc.)

- **Repeated Characters**:
  - Any group of **3 or more identical consecutive characters** is considered a weakness.

- **Sequences**:
  - A **group of 4 consecutive digits or letters (upper/lowercase)** that form a sequence (e.g., `1234`, `abcd`, `FGHI`) is considered a weakness.

---

### 💡 Example Scenarios:

| Password       | Strength | Explanation |
|----------------|----------|-------------|
| `"password"`   | 0        | In blocklist |
| `"Abc123"`     | 0        | Too short (6 chars) |
| `"aBc123"`     | 1        | Length is 6 → too short |
| `"aBcDefg123"` | 1        | Length is 10, character classes = 3 |
| `"aBcDefg1234"`| 2        | Length is 11, character classes = 3 |
| `"aBcDefghijk12345"` | 3 | Length is 16, character classes = 3, contains sequence `efgh` |
| `"aBcD@1234567890"` | 3 | Length is 15, no sequences, no repetition |
| `"aBcD@3210987654"` | 4 | Length is 16, class count = 4, no repetition, no sequence |

---

### 🧪 Python Implementation

```python
def score(password):
    # Blocklist check
    blocklist = ["password", "123456", "12345678", "qwerty", "letmein", "admin", "welcome", "iloveyou", "monkey", "dragon"]
    if password.lower() in blocklist:
        return (0, ["in-blocklist"])

    # Length check
    if len(password) < 8:
        return (0, ["too-short"])

    # Character classes classification
    classes = set()
    for ch in password:
        if ch.islower():
            classes.add('lower')
        elif ch.isupper():
            classes.add('upper')
        elif ch.isdigit():
            classes.add('digit')
        else:
            classes.add('symbol')
    num_classes = len(classes)

    # Medium strength
    if 8 <= len(password) <= 11 and num_classes < 3:
        missing_classes = []
        if 'lower' not in classes:
            missing_classes.append("missing-lower")
        if 'upper' not in classes:
            missing_classes.append("missing-upper")
        if 'digit' not in classes:
            missing_classes.append("missing-digit")
        if 'symbol' not in classes:
            missing_classes.append("missing-symbol")
        return (1, missing_classes)

    # Strong strength
    if len(password) >= 12 and num_classes < 3:
        missing_classes = []
        if 'lower' not in classes:
            missing丛类.append("missing-lower")
        if 'upper' not in classes:
            missing_classes.append("missing-upper")
        if 'digit' not in classes:
            missing_classes.append("missing-digit")
        if 'symbol' not in classes:
            missing_classes.append("missing-symbol")
        return (2, missing_classes)

    # Check for repetition
    repetition_detected = False
    count = 1
    for i in range(1, len(password)):
        if password[i] == password[i - 1]:
            count += 1
            if count >= 3:
                repetition_detected = True
                break
        else:
            count = 1

    if repetition_detected:
        return (3, ["repeats"])

    # Check for sequence
    sequence_detected = False
    for i in range(len(password) - 3):
        substr = password[i:i+4]
        # Sequential digits
        if substr.isdigit():
            nums = list(map(int, substr))
            seq = True
            for j in range(1, 4):
                if nums[j] != nums[j-1] + 1:
                    seq = False
                    break
            if seq:
                sequence_detected = True
                break
        # Sequential lowercase
        elif substr.islower():
            chars = list(substr)
            seq = True
            for j in range(1, 4):
                if ord(chars[j]) != ord(chars[j-1]) + 1:
                    seq = False
                    break
            if seq:
                sequence_detected = True
                break
        # Sequential uppercase
        elif substr.isupper():
            chars = list(substr)
            seq = True
            for j in range(1, 4):
                if ord(chars[j]) != ord(chars[j-1]) + 1:
                    seq = False
                    break
            if seq:
                sequence_detected = True
                break
    if sequence_detected:
        return (3, ["sequence"])

    # Very strong password
    if len(password) >= 16 and num_classes >= 4:
        return (4, [])

    # Good password (non-very-strong)
    return (3, [])
```

---

### ✅ **Summary**

This function assigns a **numerical score** and **reasons for low strength** based on a set of defined rules, providing a clear and structured way to assess the strength of a password in a security context.
