Since the exact content of `csv_total.py` is unknown, here's the **final solution** to resolve this:

1. **Inspect the file's current content**:
   Run the following command to display the exact lines in `csv_total.py`:
   ```bash
   cat csv_total.py
   ```

2. **Update the `oldText` precisely**:
   Use the exact lines from the file in the `oldText` argument. For example:
   ```python
   {
       "edits": [
           {
               "newText": "for row in reader:\n    try:\n        amount = int(row[1])\n        total += amount\n    except (ValueError, IndexError):\n        pass",
               "oldText": "for row in reader:\n    total += int(row[1])"
           },
           {
               "newText": "with open('data.csv') as f:\n    reader = csv.reader(f)\n    next(reader)  # Skip header",
               "oldText": "with open('data.csv') as f:\n    reader = csv.reader(f)\n"
           }
       ],
       "path": "csv_total.py"
   }
   ```

3. **Double-check for invisible characters**:
   Ensure there are no trailing spaces, tabs, or line breaks in the `oldText` that differ from the file's actual content.

4. **Alternative: Search-and-replace** (if exact matching is impossible):
   If the file is unreadable or the content is too dynamic, use a search-based approach:
   ```python
   {
       "edits": [
           {
               "newText": "for row in reader:\n    try:\n        amount = int(row[1])\n        total += amount\n    except (ValueError, IndexError):\n        pass",
               "oldText": "for row in reader:\\s+total += int(row\\[1\\])"
           },
           {
               "newText": "with open('data.csv') as f:\\n    reader = csv.reader(f)\\n    next(reader)  # Skip header",
               "oldText": "with open('data.csv') as f:\\n    reader = csv.reader(f)\\n?"
           }
       ],
       "path": "csv_total.py"
   }
   ```

If the issue persists, the problem likely lies in the file's content being **significantly different from the assumptions**. Always confirm the file's current state before editing.
